\BOOKMARK [1][-]{section.1}{\376\377\000I\000n\000t\000r\000o\000d\000u\000z\000i\000o\000n\000e}{}% 1
\BOOKMARK [2][-]{subsection.1.1}{\376\377\000D\000e\000f\000i\000n\000i\000z\000i\000o\000n\000e\000\040\000o\000b\000i\000e\000t\000t\000i\000v\000o\000\040\000p\000r\000i\000n\000c\000i\000p\000a\000l\000e}{section.1}% 2
\BOOKMARK [2][-]{subsection.1.2}{\376\377\000T\000r\000a\000m\000a}{section.1}% 3
\BOOKMARK [2][-]{subsection.1.3}{\376\377\000S\000o\000l\000u\000z\000i\000o\000n\000e\000\040\000g\000i\000o\000c\000o}{section.1}% 4
\BOOKMARK [2][-]{subsection.1.4}{\376\377\000M\000a\000p\000p\000a\000\040\000d\000i\000\040\000g\000i\000o\000c\000o}{section.1}% 5
\BOOKMARK [1][-]{section.2}{\376\377\000D\000e\000t\000t\000a\000g\000l\000i\000\040\000i\000m\000p\000l\000e\000m\000e\000n\000t\000a\000t\000i\000v\000i}{}% 6
\BOOKMARK [2][-]{subsection.2.1}{\376\377\000P\000r\000o\000g\000e\000t\000t\000a\000z\000i\000o\000n\000e\000\040\000O\000b\000j\000e\000c\000t\000-\000O\000r\000i\000e\000n\000t\000e\000d}{section.2}% 7
\BOOKMARK [2][-]{subsection.2.2}{\376\377\000F\000i\000l\000e}{section.2}% 8
\BOOKMARK [2][-]{subsection.2.3}{\376\377\000D\000a\000t\000a\000b\000a\000s\000e}{section.2}% 9
\BOOKMARK [2][-]{subsection.2.4}{\376\377\000T\000h\000r\000e\000a\000d\000s}{section.2}% 10
\BOOKMARK [2][-]{subsection.2.5}{\376\377\000A\000p\000i\000\040\000R\000E\000S\000T}{section.2}% 11
\BOOKMARK [2][-]{subsection.2.6}{\376\377\000J\000a\000v\000a\000\040\000S\000w\000i\000n\000g}{section.2}% 12
\BOOKMARK [1][-]{section.3}{\376\377\000S\000o\000m\000m\000a\000r\000i\000o\000\040\000c\000l\000a\000s\000s\000i\000\040\000i\000m\000p\000l\000e\000m\000e\000n\000t\000a\000t\000e}{}% 13
\BOOKMARK [2][-]{subsection.3.1}{\376\377\000d\000i\000.\000u\000n\000i\000b\000a\000.\000m\000a\000p}{section.3}% 14
\BOOKMARK [2][-]{subsection.3.2}{\376\377\000d\000i\000.\000u\000n\000i\000b\000a\000.\000m\000a\000p\000.\000g\000a\000m\000e}{section.3}% 15
\BOOKMARK [2][-]{subsection.3.3}{\376\377\000d\000i\000.\000u\000n\000i\000b\000a\000.\000m\000a\000p\000.\000p\000a\000r\000s\000e\000r}{section.3}% 16
\BOOKMARK [2][-]{subsection.3.4}{\376\377\000d\000i\000.\000u\000n\000i\000b\000a\000.\000m\000a\000p\000.\000t\000y\000p\000e}{section.3}% 17
\BOOKMARK [2][-]{subsection.3.5}{\376\377\000d\000i\000.\000u\000n\000i\000b\000a\000.\000m\000a\000p\000.\000u\000i}{section.3}% 18
\BOOKMARK [1][-]{section.4}{\376\377\000C\000o\000n\000c\000l\000u\000s\000i\000o\000n\000i}{}% 19
\BOOKMARK [1][-]{section.5}{\376\377\000S\000v\000i\000l\000u\000p\000p\000i\000\040\000f\000u\000t\000u\000r\000i}{}% 20
\BOOKMARK [1][-]{appendix.A}{\376\377\000M\000u\000s\000i\000c\000a}{}% 21
\BOOKMARK [2][-]{subsection.A.1}{\376\377\000C\000o\000m\000p\000o\000s\000i\000z\000i\000o\000n\000e}{appendix.A}% 22
\BOOKMARK [2][-]{subsection.A.2}{\376\377\000P\000r\000o\000d\000u\000z\000i\000o\000n\000e}{appendix.A}% 23
\BOOKMARK [1][-]{appendix.B}{\376\377\000S\000p\000e\000c\000i\000f\000i\000c\000a\000\040\000a\000l\000g\000e\000b\000r\000i\000c\000a\000\040\000d\000e\000l\000l\000a\000\040\000L\000i\000s\000t\000a}{}% 24
\BOOKMARK [2][-]{subsection.B.1}{\376\377\000S\000p\000e\000c\000i\000f\000i\000c\000a\000\040\000s\000i\000n\000t\000a\000t\000t\000i\000c\000a}{appendix.B}% 25
\BOOKMARK [2][-]{subsection.B.2}{\376\377\000S\000p\000e\000c\000i\000f\000i\000c\000a\000\040\000s\000e\000m\000a\000n\000t\000i\000c\000a}{appendix.B}% 26
\BOOKMARK [2][-]{subsection.B.3}{\376\377\000S\000p\000e\000c\000i\000f\000i\000c\000a\000\040\000d\000i\000\040\000r\000e\000s\000t\000r\000i\000z\000i\000o\000n\000e}{appendix.B}% 27
